C:\Users\urssa\AppData\Local\Microsoft\WindowsApps\python3.11.exe C:\Sanjeev\VNIT_CLASSES\VNIT-AAI-SEM3\subjects\com\saugata-sinha\assignment_2.py
kernal:
[[ 1  0]
 [ 0 -1]]
stride:
1
padding:
1
input_padded :
[[0 0 0 0 0 0]
 [0 1 2 3 0 0]
 [0 4 5 6 1 0]
 [0 7 8 9 0 0]
 [0 0 1 2 3 0]
 [0 0 0 0 0 0]]
kernel_height: 2, kernel_width: 2
input_height: 6, input_width: 6
out_height: 5, out_width: 5
output:
[[0. 0. 0. 0. 0.]
 [0. 0. 0. 0. 0.]
 [0. 0. 0. 0. 0.]
 [0. 0. 0. 0. 0.]
 [0. 0. 0. 0. 0.]]
region:
[[0 0]
 [0 1]]
output[0 0]:
 -1.0
region:
[[0 0]
 [1 2]]
output[0 1]:
 -2.0
region:
[[0 0]
 [2 3]]
output[0 2]:
 -3.0
region:
[[0 0]
 [3 0]]
output[0 3]:
 0.0
region:
[[0 0]
 [0 0]]
output[0 4]:
 0.0
region:
[[0 1]
 [0 4]]
output[1 0]:
 -4.0
region:
[[1 2]
 [4 5]]
output[1 1]:
 -4.0
region:
[[2 3]
 [5 6]]
output[1 2]:
 -4.0
region:
[[3 0]
 [6 1]]
output[1 3]:
 2.0
region:
[[0 0]
 [1 0]]
output[1 4]:
 0.0
region:
[[0 4]
 [0 7]]
output[2 0]:
 -7.0
region:
[[4 5]
 [7 8]]
output[2 1]:
 -4.0
region:
[[5 6]
 [8 9]]
output[2 2]:
 -4.0
region:
[[6 1]
 [9 0]]
output[2 3]:
 6.0
region:
[[1 0]
 [0 0]]
output[2 4]:
 1.0
region:
[[0 7]
 [0 0]]
output[3 0]:
 0.0
region:
[[7 8]
 [0 1]]
output[3 1]:
 6.0
region:
[[8 9]
 [1 2]]
output[3 2]:
 6.0
region:
[[9 0]
 [2 3]]
output[3 3]:
 6.0
region:
[[0 0]
 [3 0]]
output[3 4]:
 0.0
region:
[[0 0]
 [0 0]]
output[4 0]:
 0.0
region:
[[0 1]
 [0 0]]
output[4 1]:
 0.0
region:
[[1 2]
 [0 0]]
output[4 2]:
 1.0
region:
[[2 3]
 [0 0]]
output[4 3]:
 2.0
region:
[[3 0]
 [0 0]]
output[4 4]:
 3.0
output:
 [[-1. -2. -3.  0.  0.]
 [-4. -4. -4.  2.  0.]
 [-7. -4. -4.  6.  1.]
 [ 0.  6.  6.  6.  0.]
 [ 0.  0.  1.  2.  3.]]
[[0. 0. 0. 0. 0.]
 [0. 0. 0. 2. 0.]
 [0. 0. 0. 6. 1.]
 [0. 6. 6. 6. 0.]
 [0. 0. 1. 2. 3.]]

Process finished with exit code 0
