C:\Users\urssa\AppData\Local\Microsoft\WindowsApps\python3.11.exe C:\Sanjeev\VNIT_CLASSES\VNIT-AAI-SEM3\subjects\com\saugata-sinha\corrected_assignment_2\MT23AAI001_assignment_2_part_1_usage.py
ConvLayer : Input Matrix:
[[1 2 0 1]
 [3 1 2 2]
 [0 1 3 1]
 [2 2 1 0]]
ConvLayer before ReLU output : [[[-0.38151255]
  [-0.30066298]
  [-0.35989712]]

 [[ 0.02868029]
  [-0.14325093]
  [-0.38775583]]

 [[-0.35989712]
  [-0.10227455]
  [-0.09045052]]]
Convolution Output:
[[[0.        ]
  [0.        ]
  [0.        ]]

 [[0.02868029]
  [0.        ]
  [0.        ]]

 [[0.        ]
  [0.        ]
  [0.        ]]]
final ConvLayer output [[0.         0.         0.        ]
 [0.02868029 0.         0.        ]
 [0.         0.         0.        ]]

Process finished with exit code 0
