C:\Users\urssa\AppData\Local\Microsoft\WindowsApps\python3.11.exe C:\Sanjeev\VNIT_CLASSES\VNIT-AAI-SEM3\subjects\com\saugata-sinha\corrected_assignment_2\MT23AAI001_assignment_2_part_3_usage.py
ConvLayer : Input Matrix:
[[1 2 0 1]
 [3 1 2 2]
 [0 1 3 1]
 [2 2 1 0]]
ConvLayer before ReLU output : [[[-0.00368663 -0.34108194  0.63824441 -0.23205162 -0.01325644
    0.45929073  0.20682844 -0.37103491]
  [-0.65818436  0.48162039  0.05321291  0.15868699  0.14877946
   -0.24458851 -0.1445004   0.13010769]
  [ 0.00995703 -0.31878218  0.32486327 -0.15137688  0.2175723
    0.17159034  0.31279352 -0.46176828]
  [-0.39845898  0.20694496  0.13772996  0.25492959  0.19477609
   -0.13412364  0.07934083  0.1443939 ]]

 [[-0.99410932  0.51064619  0.09265284 -0.27086462 -0.19990808
   -0.06561158 -0.18557474  0.58788721]
  [ 0.02658353 -0.27458023  0.36534869 -0.66009987 -0.37791086
    0.43077029  0.22733217 -0.59080128]
  [-0.7811821  -0.11303787  0.55202826  0.12600403 -0.06315362
   -0.02109283  0.3487565   0.19668696]
  [-0.65656998  0.61822023 -0.09106233  0.14871651  0.12332346
   -0.41410606 -0.02613262  0.27473329]]

 [[ 0.05873378 -0.41156634  0.19199836 -0.79519402 -0.31634094
    0.62007236  0.25708232 -0.25589561]
  [-0.71664707 -0.53260648  0.1607009  -0.4804024  -0.38993081
   -0.11669148  0.19344265  0.66995408]
  [-1.21753019  0.56651465 -0.06386178 -0.15694042 -0.19632238
   -0.37386843 -0.00218271  0.85113841]
  [-0.44009038  0.30518895 -0.10775859  0.10294759 -0.277023
   -0.30163473  0.25568678  0.12903751]]

 [[-0.44343381  0.13535475  0.15395094 -0.3697194  -0.17878913
   -0.02814721 -0.22257599  0.34781909]
  [-1.10280907  0.34559906 -0.095137   -0.2506273   0.11148951
   -0.38574896  0.15781001  0.74832115]
  [-0.45242563  0.2699511  -0.14668508 -0.26198116 -0.33632749
   -0.05893645  0.23018783  0.22690705]
  [-0.25567124 -0.08390465 -0.0076355   0.24545514 -0.3933043
   -0.16373322  0.28128908  0.17278697]]]
conv output : [[[0.         0.         0.63824441 0.         0.         0.45929073
   0.20682844 0.        ]
  [0.         0.48162039 0.05321291 0.15868699 0.14877946 0.
   0.         0.13010769]
  [0.00995703 0.         0.32486327 0.         0.2175723  0.17159034
   0.31279352 0.        ]
  [0.         0.20694496 0.13772996 0.25492959 0.19477609 0.
   0.07934083 0.1443939 ]]

 [[0.         0.51064619 0.09265284 0.         0.         0.
   0.         0.58788721]
  [0.02658353 0.         0.36534869 0.         0.         0.43077029
   0.22733217 0.        ]
  [0.         0.         0.55202826 0.12600403 0.         0.
   0.3487565  0.19668696]
  [0.         0.61822023 0.         0.14871651 0.12332346 0.
   0.         0.27473329]]

 [[0.05873378 0.         0.19199836 0.         0.         0.62007236
   0.25708232 0.        ]
  [0.         0.         0.1607009  0.         0.         0.
   0.19344265 0.66995408]
  [0.         0.56651465 0.         0.         0.         0.
   0.         0.85113841]
  [0.         0.30518895 0.         0.10294759 0.         0.
   0.25568678 0.12903751]]

 [[0.         0.13535475 0.15395094 0.         0.         0.
   0.         0.34781909]
  [0.         0.34559906 0.         0.         0.11148951 0.
   0.15781001 0.74832115]
  [0.         0.2699511  0.         0.         0.         0.
   0.23018783 0.22690705]
  [0.         0.         0.         0.24545514 0.         0.
   0.28128908 0.17278697]]]
maxpool output : [[[0.02658353 0.51064619 0.63824441 0.15868699 0.14877946 0.45929073
   0.22733217 0.58788721]
  [0.00995703 0.61822023 0.55202826 0.25492959 0.2175723  0.17159034
   0.3487565  0.27473329]]

 [[0.05873378 0.34559906 0.19199836 0.         0.11148951 0.62007236
   0.25708232 0.74832115]
  [0.         0.56651465 0.         0.24545514 0.         0.
   0.28128908 0.85113841]]]
Dense layer Output vector:[0.33771126 0.06349989 0.         0.         0.07122175 0.20331102
 0.         0.         0.         0.        ]

Process finished with exit code 0
